msg|8:12:39 AM|Attacker misses Target by a mile.
msg|8:12:39 AM|Attacker just misses Target.
msg|8:12:39 AM|Target is hit by Attacker with Weapon, doing 10 hits.
msg|8:12:39 AM|Target's shield stops Attacker's attack.
msg|8:12:39 AM|Target is hit by Attacker with Weapon, doing 8 hits (10 before armour).
msg|8:12:39 AM|Target is hit by Attacker with Weapon (a critical), doing 8 hits (10 before armour).
msg|8:12:39 AM|Target is hit by Attacker with Weapon, doing 10 hits. Sadly Target is not affected by attacks of that type.
msg|8:12:39 AM|Target is hit by Attacker with Weapon, doing 10 hits.
msg|8:12:39 AM|Target is hit by Attacker with Weapon, doing 10 hits. Sadly Target is not affected by attacks of that type.
msg|8:12:39 AM|Target is hit by Attacker with Weapon, doing 10 hits.
msg|8:12:39 AM|Target is hit by Attacker with Weapon, doing 10 hits.
msg|8:12:39 AM|Target is on fire.
msg|8:12:39 AM|Attacker just misses Target.
msg|8:12:39 AM|Target is hit by Attacker with Weapon, doing 8 hits (10 before armour).
msg|8:12:39 AM|Target is hit by Attacker with Weapon (a critical), doing 8 hits (10 before armour).
msg|8:12:39 AM|Tester1 is hit by Tester0 with Weapon, doing 4 hits.
msg|8:12:39 AM|Tester2 is hit by Tester0 with Weapon, doing 2 hits.
msg|8:12:39 AM|Tester3 is hit by Tester0 with Weapon, doing 5 hits.
msg|8:12:39 AM|Tester1 is hit by Tester0 with Weapon, doing 4 hits.
msg|8:19:48 AM|Attacker misses Target by a mile.
msg|8:19:48 AM|Attacker just misses Target.
msg|8:19:48 AM|Target's shield stops Attacker's attack.
msg|8:19:48 AM|Target is hit by Attacker with Weapon, doing 10 hits.
msg|8:19:48 AM|Target is hit by Attacker with Weapon, doing 8 hits (10 before armour).
msg|8:19:48 AM|Target is hit by Attacker with Weapon (a critical), doing 8 hits (10 before armour).
msg|8:19:48 AM|Target is hit by Attacker with Weapon, doing 10 hits. Sadly Target is not affected by attacks of that type.
msg|8:19:48 AM|Target is hit by Attacker with Weapon, doing 10 hits. Sadly Target is not affected by attacks of that type.
msg|8:19:48 AM|Target is hit by Attacker with Weapon, doing 10 hits.
msg|8:19:48 AM|Attacker just misses Target.
msg|8:19:48 AM|Target is hit by Attacker with Weapon, doing 10 hits.
msg|8:19:48 AM|Target is on fire.
msg|8:19:48 AM|Target is hit by Attacker with Weapon, doing 10 hits.
msg|8:19:48 AM|Target is hit by Attacker with Weapon, doing 8 hits (10 before armour).
msg|8:19:48 AM|Target is hit by Attacker with Weapon (a critical), doing 8 hits (10 before armour).
msg|8:19:48 AM|Tester1 is hit by Tester0 with Weapon, doing 4 hits.
msg|8:19:48 AM|Tester2 is hit by Tester0 with Weapon, doing 2 hits.
msg|8:19:48 AM|Tester3 is hit by Tester0 with Weapon, doing 5 hits.
msg|8:19:48 AM|Tester1 is hit by Tester0 with Weapon, doing 4 hits.
msg|8:20:20 AM|Attacker misses Target by a mile.
msg|8:20:20 AM|Attacker just misses Target.
msg|8:20:20 AM|Target's shield stops Attacker's attack.
msg|8:20:20 AM|Target is hit by Attacker with Weapon, doing 10 hits.
msg|8:20:20 AM|Target is hit by Attacker with Weapon, doing 8 hits (10 before armour).
msg|8:20:20 AM|Target is hit by Attacker with Weapon (a critical), doing 8 hits (10 before armour).
msg|8:20:20 AM|Target is hit by Attacker with Weapon, doing 10 hits. Sadly Target is not affected by attacks of that type.
msg|8:20:20 AM|Target is hit by Attacker with Weapon, doing 10 hits. Sadly Target is not affected by attacks of that type.
msg|8:20:20 AM|Target is hit by Attacker with Weapon, doing 10 hits.
msg|8:20:20 AM|Attacker just misses Target.
msg|8:20:20 AM|Target is hit by Attacker with Weapon, doing 10 hits.
msg|8:20:20 AM|Target is on fire.
msg|8:20:20 AM|Target is hit by Attacker with Weapon, doing 10 hits.
msg|8:20:20 AM|Target is hit by Attacker with Weapon, doing 8 hits (10 before armour).
msg|8:20:20 AM|Target is hit by Attacker with Weapon (a critical), doing 8 hits (10 before armour).
msg|8:20:20 AM|Tester1 is hit by Tester0 with Weapon, doing 4 hits.
msg|8:20:20 AM|Tester3 is hit by Tester0 with Weapon, doing 5 hits.
msg|8:20:20 AM|Tester2 is hit by Tester0 with Weapon, doing 2 hits.
msg|8:20:20 AM|Tester1 is hit by Tester0 with Weapon, doing 4 hits.
msg|8:21:22 AM|Attacker misses Target by a mile.
msg|8:21:22 AM|Attacker just misses Target.
msg|8:21:22 AM|Target is hit by Attacker with Weapon, doing 10 hits.
msg|8:21:22 AM|Target is hit by Attacker with Weapon, doing 8 hits (10 before armour).
msg|8:21:22 AM|Target is hit by Attacker with Weapon (a critical), doing 8 hits (10 before armour).
msg|8:21:22 AM|Target is hit by Attacker with Weapon, doing 10 hits. Sadly Target is not affected by attacks of that type.
msg|8:21:22 AM|Target is hit by Attacker with Weapon, doing 10 hits. Sadly Target is not affected by attacks of that type.
msg|8:21:22 AM|Target is hit by Attacker with Weapon, doing 10 hits.
msg|8:21:22 AM|Target's shield stops Attacker's attack.
msg|8:21:22 AM|Attacker just misses Target.
msg|8:21:22 AM|Target is hit by Attacker with Weapon, doing 10 hits.
msg|8:21:22 AM|Target is on fire.
msg|8:21:22 AM|Target is hit by Attacker with Weapon, doing 10 hits.
msg|8:21:22 AM|Target is hit by Attacker with Weapon, doing 8 hits (10 before armour).
msg|8:21:22 AM|Target is hit by Attacker with Weapon (a critical), doing 8 hits (10 before armour).
msg|8:21:22 AM|Tester1 is hit by Tester0 with Weapon, doing 4 hits.
msg|8:21:22 AM|Tester1 is hit by Tester0 with Weapon, doing 4 hits.
msg|8:21:22 AM|Tester2 is hit by Tester0 with Weapon, doing 2 hits.
msg|8:21:22 AM|Tester3 is hit by Tester0 with Weapon, doing 5 hits.
msg|8:22:29 AM|Attacker misses Target by a mile.
msg|8:22:29 AM|Attacker just misses Target.
msg|8:22:29 AM|Target's shield stops Attacker's attack.
msg|8:22:29 AM|Target is hit by Attacker with Weapon, doing 10 hits.
msg|8:22:29 AM|Target is hit by Attacker with Weapon, doing 8 hits (10 before armour).
msg|8:22:29 AM|Target is hit by Attacker with Weapon (a critical), doing 8 hits (10 before armour).
msg|8:22:29 AM|Target is hit by Attacker with Weapon, doing 10 hits. Sadly Target is not affected by attacks of that type.
msg|8:22:29 AM|Target is hit by Attacker with Weapon, doing 10 hits. Sadly Target is not affected by attacks of that type.
msg|8:22:29 AM|Target is hit by Attacker with Weapon, doing 10 hits.
msg|8:22:29 AM|Attacker just misses Target.
msg|8:22:29 AM|Target is hit by Attacker with Weapon, doing 10 hits.
msg|8:22:29 AM|Target is on fire.
msg|8:22:29 AM|Target is hit by Attacker with Weapon, doing 10 hits.
msg|8:22:29 AM|Target is hit by Attacker with Weapon, doing 8 hits (10 before armour).
msg|8:22:29 AM|Target is hit by Attacker with Weapon (a critical), doing 8 hits (10 before armour).
msg|8:22:29 AM|Tester1 is hit by Tester0 with Weapon, doing 4 hits.
msg|8:22:29 AM|Tester3 is hit by Tester0 with Weapon, doing 5 hits.
msg|8:22:29 AM|Tester1 is hit by Tester0 with Weapon, doing 4 hits.
msg|8:22:29 AM|Tester2 is hit by Tester0 with Weapon, doing 2 hits.
msg|8:22:45 AM|Attacker misses Target by a mile.
msg|8:22:45 AM|Attacker just misses Target.
msg|8:22:45 AM|Target's shield stops Attacker's attack.
msg|8:22:45 AM|Target is hit by Attacker with Weapon, doing 8 hits (10 before armour).
msg|8:22:45 AM|Target is hit by Attacker with Weapon (a critical), doing 8 hits (10 before armour).
msg|8:22:45 AM|Target is hit by Attacker with Weapon, doing 10 hits. Sadly Target is not affected by attacks of that type.
msg|8:22:45 AM|Target is hit by Attacker with Weapon, doing 10 hits. Sadly Target is not affected by attacks of that type.
msg|8:22:45 AM|Target is hit by Attacker with Weapon, doing 10 hits.
msg|8:22:45 AM|Target is hit by Attacker with Weapon, doing 10 hits.
msg|8:22:45 AM|Attacker just misses Target.
msg|8:22:45 AM|Target is hit by Attacker with Weapon, doing 10 hits.
msg|8:22:45 AM|Target is on fire.
msg|8:22:45 AM|Target is hit by Attacker with Weapon, doing 10 hits.
msg|8:22:45 AM|Target is hit by Attacker with Weapon, doing 8 hits (10 before armour).
msg|8:22:45 AM|Target is hit by Attacker with Weapon (a critical), doing 8 hits (10 before armour).
msg|8:22:45 AM|Tester1 is hit by Tester0 with Weapon, doing 4 hits.
msg|8:22:45 AM|Tester3 is hit by Tester0 with Weapon, doing 5 hits.
msg|8:22:45 AM|Tester1 is hit by Tester0 with Weapon, doing 4 hits.
msg|8:22:45 AM|Tester2 is hit by Tester0 with Weapon, doing 2 hits.
msg|8:28:02 AM|Attacker misses Target by a mile.
msg|8:28:02 AM|Attacker just misses Target.
msg|8:28:02 AM|Target's shield stops Attacker's attack.
msg|8:28:02 AM|Target is hit by Attacker with Weapon, doing 10 hits.
msg|8:28:02 AM|Target is hit by Attacker with Weapon, doing 8 hits (10 before armour).
msg|8:28:02 AM|Target is hit by Attacker with Weapon (a critical), doing 8 hits (10 before armour).
msg|8:28:02 AM|Target is hit by Attacker with Weapon, doing 10 hits. Sadly Target is not affected by attacks of that type.
msg|8:28:02 AM|Target is hit by Attacker with Weapon, doing 10 hits. Sadly Target is not affected by attacks of that type.
msg|8:28:02 AM|Target is hit by Attacker with Weapon, doing 10 hits.
msg|8:28:02 AM|Attacker just misses Target.
msg|8:28:02 AM|Target is hit by Attacker with Weapon, doing 10 hits.
msg|8:28:02 AM|Target is on fire.
msg|8:28:02 AM|Target is hit by Attacker with Weapon, doing 10 hits.
msg|8:28:02 AM|Target is hit by Attacker with Weapon, doing 8 hits (10 before armour).
msg|8:28:02 AM|Target is hit by Attacker with Weapon (a critical), doing 8 hits (10 before armour).
msg|8:28:02 AM|Tester1 is hit by Tester0 with Weapon, doing 4 hits.
msg|8:28:02 AM|Tester3 is hit by Tester0 with Weapon, doing 5 hits.
msg|8:28:02 AM|Tester1 is hit by Tester0 with Weapon, doing 4 hits.
msg|8:28:02 AM|Tester2 is hit by Tester0 with Weapon, doing 2 hits.
msg|8:28:59 AM|Attacker misses Target by a mile.
msg|8:28:59 AM|Attacker just misses Target.
msg|8:28:59 AM|Target's shield stops Attacker's attack.
msg|8:28:59 AM|Target is hit by Attacker with Weapon, doing 10 hits.
msg|8:28:59 AM|Target is hit by Attacker with Weapon, doing 8 hits (10 before armour).
msg|8:28:59 AM|Target is hit by Attacker with Weapon (a critical), doing 8 hits (10 before armour).
msg|8:28:59 AM|Target is hit by Attacker with Weapon, doing 10 hits. Sadly Target is not affected by attacks of that type.
msg|8:28:59 AM|Target is hit by Attacker with Weapon, doing 10 hits. Sadly Target is not affected by attacks of that type.
msg|8:28:59 AM|Target is hit by Attacker with Weapon, doing 10 hits.
msg|8:28:59 AM|Attacker just misses Target.
msg|8:28:59 AM|Target is hit by Attacker with Weapon, doing 10 hits.
msg|8:28:59 AM|Target is on fire.
msg|8:28:59 AM|Target is hit by Attacker with Weapon, doing 10 hits.
msg|8:28:59 AM|Target is hit by Attacker with Weapon, doing 8 hits (10 before armour).
msg|8:28:59 AM|Target is hit by Attacker with Weapon (a critical), doing 8 hits (10 before armour).
msg|8:28:59 AM|Tester1 is hit by Tester0 with Weapon, doing 4 hits.
msg|8:28:59 AM|Tester1 is hit by Tester0 with Weapon, doing 4 hits.
msg|8:28:59 AM|Tester3 is hit by Tester0 with Weapon, doing 5 hits.
msg|8:28:59 AM|Tester2 is hit by Tester0 with Weapon, doing 2 hits.
msg|8:29:49 AM|Attacker misses Target by a mile.
msg|8:29:49 AM|Attacker just misses Target.
msg|8:29:49 AM|Target's shield stops Attacker's attack.
msg|8:29:49 AM|Target is hit by Attacker with Weapon, doing 10 hits.
msg|8:29:49 AM|Target is hit by Attacker with Weapon (a critical), doing 8 hits (10 before armour).
msg|8:29:49 AM|Target is hit by Attacker with Weapon, doing 10 hits. Sadly Target is not affected by attacks of that type.
msg|8:29:49 AM|Target is hit by Attacker with Weapon, doing 10 hits. Sadly Target is not affected by attacks of that type.
msg|8:29:49 AM|Target is hit by Attacker with Weapon, doing 8 hits (10 before armour).
msg|8:29:49 AM|Target is hit by Attacker with Weapon, doing 10 hits.
msg|8:29:49 AM|Attacker just misses Target.
msg|8:29:49 AM|Target is hit by Attacker with Weapon, doing 10 hits.
msg|8:29:49 AM|Target is on fire.
msg|8:29:49 AM|Target is hit by Attacker with Weapon, doing 10 hits.
msg|8:29:49 AM|Target is hit by Attacker with Weapon (a critical), doing 8 hits (10 before armour).
msg|8:29:49 AM|Target is hit by Attacker with Weapon, doing 8 hits (10 before armour).
msg|8:29:49 AM|Tester1 is hit by Tester0 with Weapon, doing 4 hits.
msg|8:29:49 AM|Tester3 is hit by Tester0 with Weapon, doing 5 hits.
msg|8:29:49 AM|Tester2 is hit by Tester0 with Weapon, doing 2 hits.
msg|8:29:49 AM|Tester1 is hit by Tester0 with Weapon, doing 4 hits.
msg|8:32:32 AM|Attacker misses Target by a mile.
msg|8:32:32 AM|Attacker just misses Target.
msg|8:32:32 AM|Target is hit by Attacker with Weapon, doing 10 hits.
msg|8:32:32 AM|Target's shield stops Attacker's attack.
msg|8:32:32 AM|Target is hit by Attacker with Weapon, doing 8 hits (10 before armour).
msg|8:32:32 AM|Target is hit by Attacker with Weapon (a critical), doing 8 hits (10 before armour).
msg|8:32:32 AM|Target is hit by Attacker with Weapon, doing 10 hits. Sadly Target is not affected by attacks of that type.
msg|8:32:32 AM|Target is hit by Attacker with Weapon, doing 10 hits. Sadly Target is not affected by attacks of that type.
msg|8:32:32 AM|Target is hit by Attacker with Weapon, doing 10 hits.
msg|8:32:32 AM|Attacker just misses Target.
msg|8:32:32 AM|Target is hit by Attacker with Weapon, doing 10 hits.
msg|8:32:32 AM|Target is on fire.
msg|8:32:32 AM|Target is hit by Attacker with Weapon, doing 10 hits.
msg|8:32:32 AM|Target is hit by Attacker with Weapon, doing 8 hits (10 before armour).
msg|8:32:32 AM|Target is hit by Attacker with Weapon (a critical), doing 8 hits (10 before armour).
msg|8:32:32 AM|Tester1 is hit by Tester0 with Weapon, doing 4 hits.
msg|8:32:32 AM|Tester2 is hit by Tester0 with Weapon, doing 2 hits.
msg|8:32:32 AM|Tester1 is hit by Tester0 with Weapon, doing 4 hits.
msg|8:32:32 AM|Tester3 is hit by Tester0 with Weapon, doing 5 hits.
msg|8:32:53 AM|Attacker misses Target by a mile.
msg|8:32:53 AM|Attacker just misses Target.
msg|8:32:53 AM|Target's shield stops Attacker's attack.
msg|8:32:53 AM|Target is hit by Attacker with Weapon, doing 10 hits.
msg|8:32:53 AM|Target is hit by Attacker with Weapon, doing 8 hits (10 before armour).
msg|8:32:53 AM|Target is hit by Attacker with Weapon (a critical), doing 8 hits (10 before armour).
msg|8:32:53 AM|Target is hit by Attacker with Weapon, doing 10 hits. Sadly Target is not affected by attacks of that type.
msg|8:32:53 AM|Target is hit by Attacker with Weapon, doing 10 hits. Sadly Target is not affected by attacks of that type.
msg|8:32:53 AM|Target is hit by Attacker with Weapon, doing 10 hits.
msg|8:32:53 AM|Attacker just misses Target.
msg|8:32:53 AM|Target is hit by Attacker with Weapon, doing 10 hits.
msg|8:32:53 AM|Target is on fire.
msg|8:32:53 AM|Target is hit by Attacker with Weapon, doing 10 hits.
msg|8:32:53 AM|Target is hit by Attacker with Weapon, doing 8 hits (10 before armour).
msg|8:32:53 AM|Target is hit by Attacker with Weapon (a critical), doing 8 hits (10 before armour).
msg|8:32:53 AM|Tester1 is hit by Tester0 with Weapon, doing 4 hits.
msg|8:32:53 AM|Tester3 is hit by Tester0 with Weapon, doing 5 hits.
msg|8:32:53 AM|Tester1 is hit by Tester0 with Weapon, doing 4 hits.
msg|8:32:53 AM|Tester2 is hit by Tester0 with Weapon, doing 2 hits.
msg|8:35:11 AM|Attacker misses Target by a mile.
msg|8:35:11 AM|Attacker just misses Target.
msg|8:35:11 AM|Target's shield stops Attacker's attack.
msg|8:35:11 AM|Target is hit by Attacker with Weapon, doing 10 hits.
msg|8:35:11 AM|Target is hit by Attacker with Weapon, doing 10 hits. Sadly Target is not affected by attacks of that type.
msg|8:35:11 AM|Target is hit by Attacker with Weapon, doing 10 hits. Sadly Target is not affected by attacks of that type.
msg|8:35:11 AM|Target is hit by Attacker with Weapon, doing 10 hits.
msg|8:35:11 AM|Target is hit by Attacker with Weapon, doing 8 hits (10 before armour).
msg|8:35:11 AM|Attacker just misses Target.
msg|8:35:11 AM|Target is hit by Attacker with Weapon, doing 10 hits.
msg|8:35:11 AM|Target is hit by Attacker with Weapon (a critical), doing 8 hits (10 before armour).
msg|8:35:11 AM|Target is on fire.
msg|8:35:11 AM|Target is hit by Attacker with Weapon, doing 10 hits.
msg|8:35:11 AM|Target is hit by Attacker with Weapon (a critical), doing 8 hits (10 before armour).
msg|8:35:11 AM|Target is hit by Attacker with Weapon, doing 8 hits (10 before armour).
msg|8:35:11 AM|Tester1 is hit by Tester0 with Weapon, doing 4 hits.
msg|8:35:11 AM|Tester3 is hit by Tester0 with Weapon, doing 5 hits.
msg|8:35:11 AM|Tester1 is hit by Tester0 with Weapon, doing 4 hits.
msg|8:35:11 AM|Tester2 is hit by Tester0 with Weapon, doing 2 hits.
msg|8:35:45 AM|Attacker misses Target by a mile.
msg|8:35:45 AM|Attacker just misses Target.
msg|8:35:45 AM|Target is hit by Attacker with Weapon, doing 10 hits.
msg|8:35:45 AM|Target is hit by Attacker with Weapon, doing 8 hits (10 before armour).
msg|8:35:45 AM|Target is hit by Attacker with Weapon (a critical), doing 8 hits (10 before armour).
msg|8:35:45 AM|Target's shield stops Attacker's attack.
msg|8:35:45 AM|Target is hit by Attacker with Weapon, doing 10 hits. Sadly Target is not affected by attacks of that type.
msg|8:35:45 AM|Target is hit by Attacker with Weapon, doing 10 hits. Sadly Target is not affected by attacks of that type.
msg|8:35:45 AM|Target is hit by Attacker with Weapon, doing 10 hits.
msg|8:35:45 AM|Attacker just misses Target.
msg|8:35:45 AM|Target is hit by Attacker with Weapon, doing 10 hits.
msg|8:35:45 AM|Target is on fire.
msg|8:35:45 AM|Target is hit by Attacker with Weapon, doing 10 hits.
msg|8:35:45 AM|Target is hit by Attacker with Weapon, doing 8 hits (10 before armour).
msg|8:35:45 AM|Target is hit by Attacker with Weapon (a critical), doing 8 hits (10 before armour).
msg|8:35:45 AM|Tester1 is hit by Tester0 with Weapon, doing 4 hits.
msg|8:35:45 AM|Tester2 is hit by Tester0 with Weapon, doing 2 hits.
msg|8:35:45 AM|Tester3 is hit by Tester0 with Weapon, doing 5 hits.
msg|8:35:45 AM|Tester1 is hit by Tester0 with Weapon, doing 4 hits.
msg|8:36:02 AM|Attacker misses Target by a mile.
msg|8:36:02 AM|Attacker just misses Target.
msg|8:36:02 AM|Target's shield stops Attacker's attack.
msg|8:36:02 AM|Target is hit by Attacker with Weapon, doing 10 hits.
msg|8:36:02 AM|Target is hit by Attacker with Weapon, doing 8 hits (10 before armour).
msg|8:36:02 AM|Target is hit by Attacker with Weapon (a critical), doing 8 hits (10 before armour).
msg|8:36:02 AM|Target is hit by Attacker with Weapon, doing 10 hits. Sadly Target is not affected by attacks of that type.
msg|8:36:02 AM|Target is hit by Attacker with Weapon, doing 10 hits. Sadly Target is not affected by attacks of that type.
msg|8:36:02 AM|Target is hit by Attacker with Weapon, doing 10 hits.
msg|8:36:02 AM|Attacker just misses Target.
msg|8:36:02 AM|Target is hit by Attacker with Weapon, doing 10 hits.
msg|8:36:02 AM|Target is on fire.
msg|8:36:02 AM|Target is hit by Attacker with Weapon, doing 10 hits.
msg|8:36:02 AM|Target is hit by Attacker with Weapon, doing 8 hits (10 before armour).
msg|8:36:02 AM|Target is hit by Attacker with Weapon (a critical), doing 8 hits (10 before armour).
msg|8:36:02 AM|Tester1 is hit by Tester0 with Weapon, doing 4 hits.
msg|8:36:02 AM|Tester1 is hit by Tester0 with Weapon, doing 4 hits.
msg|8:36:02 AM|Tester3 is hit by Tester0 with Weapon, doing 5 hits.
msg|8:36:02 AM|Tester2 is hit by Tester0 with Weapon, doing 2 hits.
msg|8:38:20 AM|Attacker misses Target by a mile.
msg|8:38:20 AM|Attacker just misses Target.
msg|8:38:20 AM|Target's shield stops Attacker's attack.
msg|8:38:20 AM|Target is hit by Attacker with Weapon, doing 8 hits (10 before armour).
msg|8:38:20 AM|Target is hit by Attacker with Weapon, doing 10 hits.
msg|8:38:20 AM|Target is hit by Attacker with Weapon (a critical), doing 8 hits (10 before armour).
msg|8:38:20 AM|Target is hit by Attacker with Weapon, doing 10 hits. Sadly Target is not affected by attacks of that type.
msg|8:38:20 AM|Target is hit by Attacker with Weapon, doing 10 hits.
msg|8:38:20 AM|Target is hit by Attacker with Weapon, doing 10 hits. Sadly Target is not affected by attacks of that type.
msg|8:38:20 AM|Target is hit by Attacker with Weapon, doing 10 hits.
msg|8:38:20 AM|Target is on fire.
msg|8:38:20 AM|Target is hit by Attacker with Weapon, doing 10 hits.
msg|8:38:20 AM|Target is hit by Attacker with Weapon (a critical), doing 8 hits (10 before armour).
msg|8:38:20 AM|Target is hit by Attacker with Weapon, doing 8 hits (10 before armour).
msg|8:38:20 AM|Attacker just misses Target.
msg|8:38:20 AM|Tester1 is hit by Tester0 with Weapon, doing 4 hits.
msg|8:38:20 AM|Tester2 is hit by Tester0 with Weapon, doing 2 hits.
msg|8:38:20 AM|Tester1 is hit by Tester0 with Weapon, doing 4 hits.
msg|8:38:20 AM|Tester3 is hit by Tester0 with Weapon, doing 5 hits.
msg|9:03:02 AM|Attacker misses Target by a mile.
msg|9:03:02 AM|Attacker just misses Target.
msg|9:03:02 AM|Target is hit by Attacker with Weapon, doing 10 hits.
msg|9:03:02 AM|Target's shield stops Attacker's attack.
msg|9:03:02 AM|Target is hit by Attacker with Weapon, doing 8 hits (10 before armour).
msg|9:03:02 AM|Target is hit by Attacker with Weapon (a critical), doing 8 hits (10 before armour).
msg|9:03:02 AM|Target is hit by Attacker with Weapon, doing 10 hits. Sadly Target is not affected by attacks of that type.
msg|9:03:02 AM|Target is hit by Attacker with Weapon, doing 10 hits. Sadly Target is not affected by attacks of that type.
msg|9:03:02 AM|Target is hit by Attacker with Weapon, doing 10 hits.
msg|9:03:02 AM|Attacker just misses Target.
msg|9:03:02 AM|Target is hit by Attacker with Weapon, doing 10 hits.
msg|9:03:02 AM|Target is on fire.
msg|9:03:02 AM|Target is hit by Attacker with Weapon, doing 10 hits.
msg|9:03:02 AM|Target is hit by Attacker with Weapon, doing 8 hits (10 before armour).
msg|9:03:02 AM|Target is hit by Attacker with Weapon (a critical), doing 8 hits (10 before armour).
msg|9:03:02 AM|Tester1 is hit by Tester0 with Weapon, doing 4 hits.
msg|9:03:02 AM|Tester1 is hit by Tester0 with Weapon, doing 4 hits.
msg|9:03:02 AM|Tester3 is hit by Tester0 with Weapon, doing 5 hits.
msg|9:03:02 AM|Tester2 is hit by Tester0 with Weapon, doing 2 hits.
msg|9:03:28 AM|Attacker misses Target by a mile.
msg|9:03:28 AM|Attacker just misses Target.
msg|9:03:28 AM|Target's shield stops Attacker's attack.
msg|9:03:28 AM|Target is hit by Attacker with Weapon, doing 10 hits.
msg|9:03:28 AM|Target is hit by Attacker with Weapon, doing 8 hits (10 before armour).
msg|9:03:28 AM|Target is hit by Attacker with Weapon, doing 10 hits. Sadly Target is not affected by attacks of that type.
msg|9:03:28 AM|Target is hit by Attacker with Weapon, doing 10 hits. Sadly Target is not affected by attacks of that type.
msg|9:03:28 AM|Target is hit by Attacker with Weapon, doing 10 hits.
msg|9:03:28 AM|Attacker just misses Target.
msg|9:03:28 AM|Target is hit by Attacker with Weapon, doing 10 hits.
msg|9:03:28 AM|Target is hit by Attacker with Weapon (a critical), doing 8 hits (10 before armour).
msg|9:03:28 AM|Target is on fire.
msg|9:03:28 AM|Target is hit by Attacker with Weapon, doing 10 hits.
msg|9:03:28 AM|Target is hit by Attacker with Weapon (a critical), doing 8 hits (10 before armour).
msg|9:03:28 AM|Target is hit by Attacker with Weapon, doing 8 hits (10 before armour).
msg|9:03:28 AM|Tester1 is hit by Tester0 with Weapon, doing 4 hits.
msg|9:03:28 AM|Tester3 is hit by Tester0 with Weapon, doing 5 hits.
msg|9:03:28 AM|Tester2 is hit by Tester0 with Weapon, doing 2 hits.
msg|9:03:28 AM|Tester1 is hit by Tester0 with Weapon, doing 4 hits.
msg|9:04:10 AM|Attacker misses Target by a mile.
msg|9:04:10 AM|Attacker just misses Target.
msg|9:04:10 AM|Target is hit by Attacker with Weapon, doing 10 hits.
msg|9:04:10 AM|Target's shield stops Attacker's attack.
msg|9:04:10 AM|Target is hit by Attacker with Weapon, doing 10 hits. Sadly Target is not affected by attacks of that type.
msg|9:04:10 AM|Target is hit by Attacker with Weapon, doing 8 hits (10 before armour).
msg|9:04:10 AM|Target is hit by Attacker with Weapon (a critical), doing 8 hits (10 before armour).
msg|9:04:10 AM|Target is hit by Attacker with Weapon, doing 10 hits.
msg|9:04:10 AM|Attacker just misses Target.
msg|9:04:10 AM|Target is hit by Attacker with Weapon, doing 10 hits.
msg|9:04:10 AM|Target is hit by Attacker with Weapon, doing 10 hits. Sadly Target is not affected by attacks of that type.
msg|9:04:10 AM|Target is on fire.
msg|9:04:10 AM|Target is hit by Attacker with Weapon, doing 10 hits.
msg|9:04:10 AM|Target is hit by Attacker with Weapon (a critical), doing 8 hits (10 before armour).
msg|9:04:10 AM|Target is hit by Attacker with Weapon, doing 8 hits (10 before armour).
msg|9:04:11 AM|Tester1 is hit by Tester0 with Weapon, doing 4 hits.
msg|9:04:11 AM|Tester2 is hit by Tester0 with Weapon, doing 2 hits.
msg|9:04:11 AM|Tester1 is hit by Tester0 with Weapon, doing 4 hits.
msg|9:04:11 AM|Tester3 is hit by Tester0 with Weapon, doing 5 hits.
msg|9:06:11 AM|Attacker misses Target by a mile.
msg|9:06:11 AM|Attacker just misses Target.
msg|9:06:11 AM|Target's shield stops Attacker's attack.
msg|9:06:11 AM|Target is hit by Attacker with Weapon, doing 8 hits (10 before armour).
msg|9:06:11 AM|Target is hit by Attacker with Weapon (a critical), doing 8 hits (10 before armour).
msg|9:06:11 AM|Target is hit by Attacker with Weapon, doing 10 hits. Sadly Target is not affected by attacks of that type.
msg|9:06:11 AM|Target is hit by Attacker with Weapon, doing 10 hits.
msg|9:06:11 AM|Attacker just misses Target.
msg|9:06:11 AM|Target is hit by Attacker with Weapon, doing 10 hits.
msg|9:06:11 AM|Target is hit by Attacker with Weapon, doing 10 hits. Sadly Target is not affected by attacks of that type.
msg|9:06:11 AM|Target is on fire.
msg|9:06:11 AM|Target is hit by Attacker with Weapon, doing 10 hits.
msg|9:06:11 AM|Target is hit by Attacker with Weapon, doing 8 hits (10 before armour).
msg|9:06:11 AM|Target is hit by Attacker with Weapon, doing 10 hits.
msg|9:06:11 AM|Target is hit by Attacker with Weapon (a critical), doing 8 hits (10 before armour).
msg|9:06:11 AM|Tester1 is hit by Tester0 with Weapon, doing 4 hits.
msg|9:06:11 AM|Tester1 is hit by Tester0 with Weapon, doing 4 hits.
msg|9:06:11 AM|Tester3 is hit by Tester0 with Weapon, doing 5 hits.
msg|9:06:11 AM|Tester2 is hit by Tester0 with Weapon, doing 2 hits.
